9/21/2021 1:01:45 AM
device ID=35      label = "Living room outlet 1 - tp he"                   
device ID=42      label = "HubLink - he"                                 
device ID=47      label = "Master bath dimmer - tp he"                     
device ID=58      label = "Bed room motion sensor - he"                    
device ID=59      label = "vswitch mode night - he"                        
device ID=60      label = "vswitch mode day - he"                          
device ID=61      label = "vswitch mode evening - he"                      
device ID=65      label = "Garage interior door"                           
device ID=83      label = "Guest hall motion sensor - he"                  
device ID=84      label = "Outside front motion sensor - he"               
device ID=88      label = "Guest bath vsensor lampux - he"                 
device ID=90      label = "Guest hall outlet - he"                         
device ID=108     label = "Outside front window Wyze cam vswitch"          
device ID=121     label = "Outside front door"                             
device ID=122     label = "Outside back door"                              
device ID=167     label = "Outside back motion sensor - he"                
device ID=259     label = "Outside back switch - tp he"                    
device ID=289     label = "Master closet main switch - tp he"              
device ID=291     label = "Master closet bath switch - tp he"              
device ID=292     label = "Living room button - he"                        
device ID=299     label = "Master closet motion sensor - he"               
device ID=303     label = "Entry hall motion sensor - he"                  
device ID=322     label = "Garage light switch - tp he"                    
device ID=360     label = "Kitchen lights switch - tp he"                  
device ID=386     label = "SmartThings Hub - he"                           
device ID=387     label = "Garage motion sensor - he"                      
device ID=418     label = "Kitchen sink light - tp he"                     
device ID=481     label = "Entry hall motion sensor 2 - he"                
device ID=515     label = "Stairs motion sensor 1 - he"                    
device ID=516     label = "Stairs motion sensor 2 - he"                    
device ID=639     label = "Table light switch - tp he"                     
device ID=640     label = "Music room outlet 2 - tp he"                    
device ID=641     label = "Dinning room dimmer - tp he"                    
device ID=642     label = "Music room outlet 1 - tp he"                    
device ID=709     label = "Stairs light 1 - tp he"                         
device ID=710     label = "Stairs light 2 - tp he"                         
device ID=711     label = "Bed room light 1 - tp he"                       
device ID=712     label = "Bed room light 2 - tp he"                       
device ID=720     label = "Entry hall light 1 - tp he"                     
device ID=721     label = "Entry hall light 2 - tp he"                     
device ID=722     label = "Office light 1 - tp he"                         
device ID=723     label = "Bed room button - he"                           
device ID=725     label = "Outside front light 1 - tp he"                  
device ID=726     label = "Outside front garage light - tp he"             
device ID=727     label = "Kitchen stove light - tp he"                    
device ID=728     label = "Music room light 2 - tp he"                     
device ID=731     label = "Master bath motion sensor - he"                 
device ID=742     label = "Bed room hall light - tp he"                    
device ID=774     label = "Notification - garage motion"                   
device ID=780     label = "Music room button - he"                         
device ID=805     label = "Hubitat hub reboot vswitch"                     
device ID=840     label = "Cable box power cycle vswitch"                  
device ID=869     label = "Music room motion sensor"                       
device ID=901     label = "Music room fan - tp he"                         
device ID=1029    label = "Music room light 1 - tp he"                     
device ID=1093    label = "Master toilet light - tp he"                    
device ID=1125    label = NOT_FOUND                                 
device ID=1157    label = "Guest room light - tp he"                       
device ID=1255    label = "Scene vswitch"                                 
device ID=1257    label = "vswitch living room "                           
device ID=1285    label = "Outside garage door outlet - tp he"             
device ID=1286    label = "Living room TV back light outlet - he"          
device ID=1349    label = "Notification - garage door"                     
device ID=1367    label = NOT_FOUND                                 
device ID=1368    label = NOT_FOUND                                 
device ID=1381    label = "Notification - back door"                       
device ID=1382    label = "Notification - front door"                      
device ID=1413    label = "Notification - HE to PC"                        
device ID=1477    label = "Alexa announce back door"                       
device ID=1478    label = "Alexa announce front door"                      
device ID=1541    label = "Outside garage door virtual switch "            
device ID=1543    label = "Outside garage door reset CLOSED"               
device ID=1544    label = "Outside garage door toggle"                     
device ID=1609    label = "Living room group"                              
device ID=1612    label = "Garage virtual switch"                          
device ID=1613    label = "Security intrusion "                            
device ID=1614    label = "Lightning control button"                       
device ID=1615    label = "Lighting level increase "                       
device ID=1616    label = "Lighting level decrease"                        
device ID=1617    label = "Lighting level set"                             
device ID=1618    label = "Garage light toggle "                           
device ID=1619    label = "Kitchen light toggle"                           
device ID=1621    label = "Computer control button"                        
device ID=1622    label = "Alexa show me the weather"                      
device ID=1623    label = "Computer control security"                      
device ID=1624    label = "Alexa show me the cameras"                      
device ID=1625    label = "Alexa show me the music"                        
device ID=1626    label = "Alexa show me the calendar"                     
device ID=1627    label = "Security log - front door OPEN"                 
device ID=1628    label = "Security log - front door CLOSED"               
device ID=1629    label = "Security log - back door OPEN"                  
device ID=1630    label = "Security log - back door CLOSED"                
device ID=1631    label = "Security log - garage door OPEN"                
device ID=1632    label = "Security log - garage door CLOSED"              
device ID=1633    label = "Security log - outside front motion DETECTED"   
device ID=1634    label = "Security log - outside front motion STOPPED"    
device ID=1635    label = "Security log - outside back motion DETECTED"    
device ID=1636    label = "Security log - outside back motion STOPPED"     
device ID=1637    label = "Status check - outside front door "             
device ID=1638    label = "Computer control show me"                       
device ID=1639    label = "Alexa show me the security status"              
device ID=1642    label = "Bedroom hall closet sensor"                     
device ID=1643    label = "Alexa move the mouse"                           
device ID=1644    label = "Alexa announce garage interior door"            
device ID=1645    label = "Alexa show me the menu"                         
device ID=1646    label = "Alexa show me the security log"                 
device ID=1648    label = "Alexa show me the photos"                       
device ID=1649    label = "Outside garage door"                            
device ID=1650    label = "Wyze cam east outlet"                           
device ID=1651    label = "Wyze cam west outlet"                           
device ID=1652    label = "Alexa show me Linda's music"                    
device ID=1653    label = "Alexa show me the videos"                       
device ID=1654    label = "Alexa recycle Wyze cams"                        
device ID=1658    label = "Smart home action needed"                       
device ID=1659    label = "Smart home action 1"                            
device ID=1660    label = "Smart home action 2"                            
device ID=1661    label = "Smart home action 3"                            
device ID=1665    label = "Alexa restart the loops"                        
device ID=1672    label = "Alexa show me Chrome"                           
device ID=1673    label = "Alexa show me the dashboard"                    
deviceCount = 120
